<?xml version="1.0" encoding="UTF-8"?>
<!-- Generated by org.testng.reporters.JUnitReportReporter -->
<testsuite skipped="0" hostname="DESKTOP-7BFNCK8" name="com.testcases.OrangeHrmLoginTestCase" tests="1" failures="0" timestamp="18 Sep 2020 20:40:59 GMT" time="0.516" errors="0">
  <testcase name="login" time="0.516" classname="com.testcases.OrangeHrmLoginTestCase"/>
</testsuite> <!-- com.testcases.OrangeHrmLoginTestCase -->
