<?xml version="1.0" encoding="UTF-8"?>
<!-- Generated by org.testng.reporters.JUnitReportReporter -->
<testsuite skipped="1" hostname="DESKTOP-7BFNCK8" name="com.testng.SampleTestCase" tests="3" failures="0" timestamp="2020-09-19T01:13:05 IST" time="0.018" errors="0">
  <testcase name="testCase1" time="0.014" classname="com.testng.SampleTestCase"/>
  <system-out/>
  <testcase name="testCase3" time="0.004" classname="com.testng.SampleTestCase"/>
  <system-out/>
  <testcase name="testCase2" classname="com.testng.SampleTestCase">
    <skipped/>
  </testcase> <!-- testCase2 -->
  <system-out/>
</testsuite> <!-- com.testng.SampleTestCase -->
