<?xml version="1.0" encoding="UTF-8"?>
<!-- Generated by org.testng.reporters.JUnitReportReporter -->
<testsuite skipped="0" hostname="DESKTOP-7BFNCK8" name="com.testng.ParallelExecution" tests="3" failures="0" timestamp="2020-09-19T01:23:40 IST" time="0.037" errors="0">
  <testcase name="testCase1" time="0.028" classname="com.testng.ParallelExecution"/>
  <system-out/>
  <testcase name="testCase2" time="0.005" classname="com.testng.ParallelExecution"/>
  <system-out/>
  <testcase name="testCase3" time="0.004" classname="com.testng.ParallelExecution"/>
  <system-out/>
</testsuite> <!-- com.testng.ParallelExecution -->
