<?xml version="1.0" encoding="UTF-8"?>
<!-- Generated by org.testng.reporters.JUnitReportReporter -->
<testsuite skipped="0" hostname="DESKTOP-7BFNCK8" name="com.testng.OrangeHrmLogin" tests="1" failures="0" timestamp="2020-09-19T01:38:14 IST" time="7.374" errors="0">
  <testcase name="admin" time="7.374" classname="com.testng.OrangeHrmLogin"/>
  <system-out/>
</testsuite> <!-- com.testng.OrangeHrmLogin -->
